<?xml version="1.0" encoding="UTF-8"?>
<!-- Generated by org.testng.reporters.JUnitReportReporter -->
<testsuite hostname="abhishek" failures="0" tests="6" name="com.bikes.testCases.BikeDetailsTest" time="87.150" errors="0" timestamp="2021-06-03T19:16:07 IST" skipped="0">
  <testcase classname="com.bikes.testCases.BikeDetailsTest" name="verifyHondaPage" time="0.038"/>
  <system-out/>
  <testcase classname="com.bikes.testCases.BikeDetailsTest" name="invokedriver" time="56.012"/>
  <system-out/>
  <testcase classname="com.bikes.testCases.BikeDetailsTest" name="displayUpcomingBikes" time="4.146"/>
  <system-out/>
  <testcase classname="com.bikes.testCases.BikeDetailsTest" name="clickUpComingBikes" time="18.909"/>
  <system-out/>
  <testcase classname="com.bikes.testCases.BikeDetailsTest" name="selectHondaBikes" time="4.583"/>
  <system-out/>
  <testcase classname="com.bikes.testCases.BikeDetailsTest" name="clickViewMore" time="3.462"/>
  <system-out/>
</testsuite> <!-- com.bikes.testCases.BikeDetailsTest -->
