<?xml version="1.0" encoding="UTF-8"?>
<!-- Generated by org.testng.reporters.JUnitReportReporter -->
<testsuite hostname="abhishek" failures="0" tests="3" name="com.bikes.testCases.UsedCarsTest" time="42.321" errors="0" timestamp="2021-06-03T19:16:07 IST" skipped="0">
  <testcase classname="com.bikes.testCases.UsedCarsTest" name="getPopularModels" time="1.028"/>
  <system-out/>
  <testcase classname="com.bikes.testCases.UsedCarsTest" name="verifyChennai" time="0.084"/>
  <system-out/>
  <testcase classname="com.bikes.testCases.UsedCarsTest" name="selectChennai" time="41.209"/>
  <system-out/>
</testsuite> <!-- com.bikes.testCases.UsedCarsTest -->
