<?xml version="1.0" encoding="UTF-8"?>
<!-- Generated by org.testng.reporters.JUnitReportReporter -->
<testsuite hostname="abhishek" failures="0" tests="1" name="com.bikes.testCases.BikeDetailsTest" time="33.523" errors="0" timestamp="06 Jun 2021 17:48:03 GMT" skipped="0">
  <testcase classname="com.bikes.testCases.BikeDetailsTest" name="invokedriver" time="33.523"/>
</testsuite> <!-- com.bikes.testCases.BikeDetailsTest -->
